[2025-11-30 06:50:17] 开始采集指标...
[2025-11-30 06:50:17] 采集完成: throughput=0, cpu_load=.0036
[2025-11-30 06:53:14] 开始采集指标...
[2025-11-30 06:53:14] 采集完成: throughput=0, cpu_load=0.0036
[2025-11-30 07:06:47] 开始采集指标...
[2025-11-30 07:06:48] 采集完成: throughput=0, cpu_load=0.0063
[2025-11-30 07:08:39] 开始采集指标...
[2025-11-30 07:08:39] 采集完成: throughput=0, cpu_load=0.0056
[2025-11-30 07:12:38] 开始采集指标...
[2025-11-30 07:12:38] 采集完成: throughput=0/s, cpu=0.0043, tm=4, total_records=52
[2025-11-30 07:12:43] 开始采集指标...
[2025-11-30 07:12:44] 采集完成: throughput=0/s, cpu=0.0043, tm=4, total_records=52
[2025-11-30 07:12:49] 开始采集指标...
[2025-11-30 07:12:49] 采集完成: throughput=0/s, cpu=0.0040, tm=4, total_records=52
[2025-11-30 07:12:54] 开始采集指标...
[2025-11-30 07:12:54] 采集完成: throughput=0/s, cpu=0.0040, tm=4, total_records=52
[2025-11-30 07:12:59] 开始采集指标...
[2025-11-30 07:13:00] 采集完成: throughput=0/s, cpu=0.0050, tm=4, total_records=52
[2025-11-30 07:13:05] 开始采集指标...
[2025-11-30 07:13:05] 采集完成: throughput=0/s, cpu=0.0050, tm=4, total_records=52
[2025-11-30 07:18:23] 开始采集指标...
[2025-11-30 07:18:23] 采集完成: throughput=0/s, cpu=0.0070, tm=4, total_records=3540
[2025-11-30 07:18:28] 开始采集指标...
[2025-11-30 07:18:29] 采集完成: throughput=0/s, cpu=0.0070, tm=4, total_records=3540
[2025-11-30 07:18:34] 开始采集指标...
[2025-11-30 07:18:34] 采集完成: throughput=33/s, cpu=0.0100, tm=4, total_records=3740
[2025-11-30 07:18:39] 开始采集指标...
[2025-11-30 07:18:39] 采集完成: throughput=0/s, cpu=0.0100, tm=4, total_records=3740
[2025-11-30 07:18:44] 开始采集指标...
[2025-11-30 07:18:45] 采集完成: throughput=44/s, cpu=0.0077, tm=4, total_records=3960
[2025-11-30 07:18:50] 开始采集指标...
[2025-11-30 07:18:50] 采集完成: throughput=0/s, cpu=0.0077, tm=4, total_records=3960
[2025-11-30 07:22:47] 开始采集指标...
[2025-11-30 07:22:47] ERROR: Job 状态为 FINISHED
[2025-11-30 07:22:52] 开始采集指标...
[2025-11-30 07:22:52] ERROR: Job 状态为 FINISHED
[2025-11-30 07:25:05] 开始采集指标...
[2025-11-30 07:25:05] ERROR: Job 状态为 UNKNOWN
[2025-11-30 07:25:10] 开始采集指标...
[2025-11-30 07:25:10] ERROR: Job 状态为 UNKNOWN
[2025-11-30 07:25:15] 开始采集指标...
[2025-11-30 07:25:15] ERROR: Job 状态为 UNKNOWN
[2025-11-30 07:27:27] 开始采集指标...
[2025-11-30 07:27:27] ERROR: Job 状态为 UNKNOWN
[2025-11-30 07:28:39] 开始采集指标...
[2025-11-30 07:28:40] 采集完成: throughput=0/s, cpu=0.0069, tm=4, total_records=2418
[2025-11-30 07:28:55] 开始采集指标...
[2025-11-30 07:28:55] 采集完成: throughput=0/s, cpu=0.0070, tm=4, total_records=3342
[2025-11-30 07:29:00] 开始采集指标...
[2025-11-30 07:29:01] 采集完成: throughput=0/s, cpu=0.0070, tm=4, total_records=3342
[2025-11-30 07:29:06] 开始采集指标...
[2025-11-30 07:29:06] 采集完成: throughput=102/s, cpu=0.0063, tm=4, total_records=3954
[2025-11-30 07:29:11] 开始采集指标...
[2025-11-30 07:29:11] 采集完成: throughput=0/s, cpu=0.0063, tm=4, total_records=3954
[2025-11-30 07:29:16] 开始采集指标...
[2025-11-30 07:29:17] 采集完成: throughput=122/s, cpu=0.0066, tm=4, total_records=4566
[2025-11-30 07:29:22] 开始采集指标...
[2025-11-30 07:29:22] 采集完成: throughput=0/s, cpu=0.0066, tm=4, total_records=4566
[2025-11-30 07:29:27] 开始采集指标...
[2025-11-30 07:29:27] 采集完成: throughput=124/s, cpu=0.0057, tm=4, total_records=5190
[2025-11-30 07:29:32] 开始采集指标...
[2025-11-30 07:29:33] 采集完成: throughput=0/s, cpu=0.0057, tm=4, total_records=5190
[2025-11-30 07:29:38] 开始采集指标...
[2025-11-30 07:29:38] 采集完成: throughput=102/s, cpu=0.0054, tm=4, total_records=5807
[2025-11-30 07:29:43] 开始采集指标...
[2025-11-30 07:29:43] 采集完成: throughput=0/s, cpu=0.0054, tm=4, total_records=5807
[2025-11-30 07:31:44] 开始采集指标...
[2025-11-30 07:31:44] 采集完成: throughput=60/s, cpu=0.0081, tm=4, total_records=13080
[2025-11-30 11:55:03] 开始采集指标...
[2025-11-30 11:55:03] ERROR: Job 状态为 FINISHED
[2025-11-30 11:55:08] 开始采集指标...
[2025-11-30 11:55:08] ERROR: Job 状态为 FINISHED
[2025-11-30 11:55:37] 开始采集指标...
[2025-11-30 11:55:37] 采集完成: throughput=0/s, cpu=-.8828, tm=4, total_records=15120
[2025-11-30 11:55:42] 开始采集指标...
[2025-11-30 11:55:43] 采集完成: throughput=3024/s, cpu=-.8828, tm=4, total_records=15120
[2025-11-30 11:55:48] 开始采集指标...
[2025-11-30 11:55:48] 采集完成: throughput=920/s, cpu=0.0224, tm=4, total_records=20640
[2025-11-30 11:55:53] 开始采集指标...
[2025-11-30 11:55:53] 采集完成: throughput=0/s, cpu=0.0224, tm=4, total_records=20640
[2025-11-30 11:55:58] 开始采集指标...
[2025-11-30 11:55:58] 采集完成: throughput=1104/s, cpu=0.0176, tm=4, total_records=26160
[2025-11-30 11:56:03] 开始采集指标...
[2025-11-30 11:56:04] 采集完成: throughput=0/s, cpu=0.0176, tm=4, total_records=26160
[2025-11-30 11:56:09] 开始采集指标...
[2025-11-30 11:56:09] 采集完成: throughput=930/s, cpu=0.0154, tm=4, total_records=31740
[2025-11-30 11:56:14] 开始采集指标...
[2025-11-30 11:56:14] 采集完成: throughput=0/s, cpu=0.0154, tm=4, total_records=31740
[2025-11-30 12:05:27] 开始采集指标...
[2025-11-30 12:05:27] ERROR: Job 状态为 FINISHED
[2025-11-30 12:05:32] 开始采集指标...
[2025-11-30 12:05:32] ERROR: Job 状态为 FINISHED
[2025-11-30 12:05:37] 开始采集指标...
[2025-11-30 12:05:37] ERROR: Job 状态为 FINISHED
[2025-11-30 12:05:42] 开始采集指标...
[2025-11-30 12:05:42] ERROR: Job 状态为 FINISHED
[2025-11-30 12:05:47] 开始采集指标...
[2025-11-30 12:05:47] ERROR: Job 状态为 FINISHED
[2025-11-30 12:05:52] 开始采集指标...
[2025-11-30 12:05:52] ERROR: Job 状态为 FINISHED
[2025-11-30 12:05:57] 开始采集指标...
[2025-11-30 12:05:57] ERROR: Job 状态为 FINISHED
[2025-11-30 12:06:02] 开始采集指标...
[2025-11-30 12:06:02] ERROR: Job 状态为 FINISHED
[2025-11-30 12:06:07] 开始采集指标...
[2025-11-30 12:06:07] ERROR: Job 状态为 FINISHED
[2025-11-30 12:06:12] 开始采集指标...
[2025-11-30 12:06:12] ERROR: Job 状态为 FINISHED
[2025-11-30 12:06:17] 开始采集指标...
[2025-11-30 12:06:18] 采集完成: throughput=0/s, cpu=0.0117, tm=3, total_records=16668
[2025-11-30 12:06:23] 开始采集指标...
[2025-11-30 12:06:23] 采集完成: throughput=0/s, cpu=0.0117, tm=3, total_records=16668
[2025-11-30 12:06:26] 开始采集指标...
[2025-11-30 12:06:26] 采集完成: throughput=0/s, cpu=0.0117, tm=3, total_records=16668
[2025-11-30 12:06:28] 开始采集指标...
[2025-11-30 12:06:29] 采集完成: throughput=6543/s, cpu=0.0128, tm=3, total_records=29754
[2025-11-30 12:06:32] 开始采集指标...
[2025-11-30 12:06:32] 采集完成: throughput=0/s, cpu=0.0128, tm=3, total_records=29754
[2025-11-30 12:06:34] 开始采集指标...
[2025-11-30 12:06:34] 采集完成: throughput=0/s, cpu=0.0128, tm=3, total_records=29754
[2025-11-30 12:06:37] 开始采集指标...
[2025-11-30 12:06:37] 采集完成: throughput=0/s, cpu=0.0128, tm=3, total_records=29754
[2025-11-30 12:06:39] 开始采集指标...
[2025-11-30 12:06:39] 采集完成: throughput=6498/s, cpu=0.0121, tm=3, total_records=42750
[2025-11-30 12:06:42] 开始采集指标...
[2025-11-30 12:06:43] 采集完成: throughput=0/s, cpu=0.0121, tm=3, total_records=42750
[2025-11-30 12:06:45] 开始采集指标...
[2025-11-30 12:06:45] 采集完成: throughput=0/s, cpu=0.0121, tm=3, total_records=42750
[2025-11-30 12:06:48] 开始采集指标...
[2025-11-30 12:06:48] 采集完成: throughput=0/s, cpu=0.0121, tm=3, total_records=42750
[2025-11-30 12:06:50] 开始采集指标...
[2025-11-30 12:06:50] 采集完成: throughput=6588/s, cpu=0.0130, tm=3, total_records=55926
[2025-11-30 12:06:53] 开始采集指标...
[2025-11-30 12:06:54] 采集完成: throughput=0/s, cpu=0.0130, tm=3, total_records=55926
[2025-11-30 12:06:55] 开始采集指标...
[2025-11-30 12:06:56] 采集完成: throughput=0/s, cpu=0.0130, tm=3, total_records=55926
[2025-11-30 12:06:59] 开始采集指标...
[2025-11-30 12:06:59] 采集完成: throughput=0/s, cpu=0.0130, tm=3, total_records=55926
[2025-11-30 12:07:01] 开始采集指标...
[2025-11-30 12:07:01] 采集完成: throughput=6636/s, cpu=0.0139, tm=3, total_records=69198
[2025-11-30 12:07:04] 开始采集指标...
[2025-11-30 12:07:05] 采集完成: throughput=0/s, cpu=0.0139, tm=3, total_records=69198
[2025-11-30 12:07:06] 开始采集指标...
[2025-11-30 12:07:07] 采集完成: throughput=0/s, cpu=0.0139, tm=3, total_records=69198
[2025-11-30 12:07:10] 开始采集指标...
[2025-11-30 12:07:10] 采集完成: throughput=0/s, cpu=0.0139, tm=3, total_records=69198
[2025-11-30 12:07:12] 开始采集指标...
[2025-11-30 12:07:12] 采集完成: throughput=6603/s, cpu=0.0132, tm=3, total_records=82404
[2025-11-30 12:07:15] 开始采集指标...
[2025-11-30 12:07:16] 采集完成: throughput=0/s, cpu=0.0132, tm=3, total_records=82404
[2025-11-30 12:07:17] 开始采集指标...
[2025-11-30 12:07:18] 采集完成: throughput=0/s, cpu=0.0132, tm=3, total_records=82404
[2025-11-30 12:07:21] 开始采集指标...
[2025-11-30 12:07:21] 采集完成: throughput=0/s, cpu=0.0132, tm=3, total_records=82404
[2025-11-30 12:07:23] 开始采集指标...
[2025-11-30 12:07:23] 采集完成: throughput=6573/s, cpu=0.0125, tm=3, total_records=95550
[2025-11-30 12:07:26] 开始采集指标...
[2025-11-30 12:07:26] 采集完成: throughput=0/s, cpu=0.0125, tm=3, total_records=95550
[2025-11-30 12:07:28] 开始采集指标...
[2025-11-30 12:07:29] 采集完成: throughput=0/s, cpu=0.0125, tm=3, total_records=95550
[2025-11-30 12:07:32] 开始采集指标...
[2025-11-30 12:07:32] 采集完成: throughput=0/s, cpu=0.0125, tm=3, total_records=95550
[2025-11-30 12:07:34] 开始采集指标...
[2025-11-30 12:07:34] 采集完成: throughput=6675/s, cpu=0.0114, tm=3, total_records=108900
[2025-11-30 12:07:37] 开始采集指标...
[2025-11-30 12:07:37] 采集完成: throughput=0/s, cpu=0.0114, tm=3, total_records=108900
[2025-11-30 12:07:39] 开始采集指标...
[2025-11-30 12:07:40] 采集完成: throughput=0/s, cpu=0.0114, tm=3, total_records=108900
[2025-11-30 12:07:43] 开始采集指标...
[2025-11-30 12:07:43] 采集完成: throughput=0/s, cpu=0.0114, tm=3, total_records=108900
[2025-11-30 12:07:45] 开始采集指标...
[2025-11-30 12:07:45] 采集完成: throughput=6549/s, cpu=0.0127, tm=3, total_records=121998
[2025-11-30 12:07:48] 开始采集指标...
[2025-11-30 12:07:48] 采集完成: throughput=0/s, cpu=0.0127, tm=3, total_records=121998
[2025-11-30 12:07:50] 开始采集指标...
[2025-11-30 12:07:50] 采集完成: throughput=0/s, cpu=0.0127, tm=3, total_records=121998
[2025-11-30 12:07:54] 开始采集指标...
[2025-11-30 12:07:54] 采集完成: throughput=0/s, cpu=0.0127, tm=3, total_records=121998
[2025-11-30 12:07:56] 开始采集指标...
[2025-11-30 12:07:56] 采集完成: throughput=6639/s, cpu=0.0119, tm=3, total_records=135276
[2025-11-30 12:07:59] 开始采集指标...
[2025-11-30 12:07:59] 采集完成: throughput=0/s, cpu=0.0119, tm=3, total_records=135276
[2025-11-30 12:08:01] 开始采集指标...
[2025-11-30 12:08:01] 采集完成: throughput=0/s, cpu=0.0119, tm=3, total_records=135276
[2025-11-30 12:08:04] 开始采集指标...
[2025-11-30 12:08:05] 采集完成: throughput=0/s, cpu=0.0119, tm=3, total_records=135276
[2025-11-30 12:08:07] 开始采集指标...
[2025-11-30 12:08:07] 采集完成: throughput=4408/s, cpu=0.0118, tm=3, total_records=148500
[2025-11-30 12:08:10] 开始采集指标...
[2025-11-30 12:08:10] 采集完成: throughput=0/s, cpu=0.0118, tm=3, total_records=148500
[2025-11-30 12:08:12] 开始采集指标...
[2025-11-30 12:08:12] 采集完成: throughput=0/s, cpu=0.0118, tm=3, total_records=148500
[2025-11-30 12:08:15] 开始采集指标...
[2025-11-30 12:08:16] 采集完成: throughput=0/s, cpu=0.0118, tm=3, total_records=148500
[2025-11-30 12:17:46] 开始采集指标...
[2025-11-30 12:17:46] 采集完成: throughput=0/s, cpu=0.0105, tm=3, total_records=840931
[2025-11-30 12:17:51] 开始采集指标...
[2025-11-30 12:17:52] 采集完成: throughput=0/s, cpu=0.0105, tm=3, total_records=840931
[2025-11-30 12:17:57] 开始采集指标...
[2025-11-30 12:17:57] 采集完成: throughput=2113/s, cpu=0.0110, tm=3, total_records=853614
[2025-11-30 12:18:02] 开始采集指标...
[2025-11-30 12:18:02] 采集完成: throughput=0/s, cpu=0.0110, tm=3, total_records=853614
[2025-11-30 12:18:07] 开始采集指标...
[2025-11-30 12:18:08] 采集完成: throughput=2527/s, cpu=0.0103, tm=3, total_records=866250
[2025-11-30 12:18:13] 开始采集指标...
[2025-11-30 12:18:13] 采集完成: throughput=0/s, cpu=0.0103, tm=3, total_records=866250
[2025-11-30 12:18:18] 开始采集指标...
[2025-11-30 12:18:18] 采集完成: throughput=2550/s, cpu=0.0104, tm=3, total_records=879000
[2025-11-30 12:18:23] 开始采集指标...
[2025-11-30 12:18:23] 采集完成: throughput=0/s, cpu=0.0104, tm=3, total_records=879000
[2025-12-01 08:15:34] 开始采集指标...
[2025-12-01 08:15:34] 采集完成: throughput=0/s, cpu=0.0164, tm=3, total_records=338215
[2025-12-01 08:16:03] 开始采集指标...
[2025-12-01 08:16:03] 采集完成: throughput=1437/s, cpu=0.0189, tm=3, total_records=379915
[2025-12-01 08:16:08] 开始采集指标...
[2025-12-01 08:16:08] 采集完成: throughput=0/s, cpu=0.0189, tm=3, total_records=379915
[2025-12-01 08:16:13] 开始采集指标...
[2025-12-01 08:16:14] 采集完成: throughput=3284/s, cpu=0.0157, tm=3, total_records=396335
[2025-12-01 08:16:19] 开始采集指标...
[2025-12-01 08:16:19] 采集完成: throughput=0/s, cpu=0.0157, tm=3, total_records=396335
[2025-12-01 08:16:24] 开始采集指标...
[2025-12-01 08:16:24] 采集完成: throughput=3259/s, cpu=0.0190, tm=3, total_records=412630
[2025-12-01 08:16:29] 开始采集指标...
[2025-12-01 08:16:30] 采集完成: throughput=0/s, cpu=0.0190, tm=3, total_records=412630
[2025-12-01 08:16:35] 开始采集指标...
[2025-12-01 08:16:35] 采集完成: throughput=2703/s, cpu=0.0161, tm=3, total_records=428850
[2025-12-01 08:16:40] 开始采集指标...
[2025-12-01 08:16:40] 采集完成: throughput=0/s, cpu=0.0161, tm=3, total_records=428850
[2025-12-01 08:16:45] 开始采集指标...
[2025-12-01 08:16:46] 采集完成: throughput=843/s, cpu=0.0195, tm=3, total_records=444800
[2025-12-01 08:16:51] 开始采集指标...
[2025-12-01 08:16:51] 采集完成: throughput=1955/s, cpu=0.0195, tm=3, total_records=444800
[2025-12-01 08:18:11] 开始采集指标...
[2025-12-01 08:18:12] 采集完成: throughput=1637/s, cpu=0.0152, tm=3, total_records=575815
[2025-12-01 08:18:17] 开始采集指标...
[2025-12-01 08:18:17] 采集完成: throughput=0/s, cpu=0.0152, tm=3, total_records=575815
[2025-12-01 08:18:22] 开始采集指标...
[2025-12-01 08:18:22] 采集完成: throughput=3190/s, cpu=0.0149, tm=3, total_records=591765
[2025-12-01 08:18:27] 开始采集指标...
[2025-12-01 08:18:28] 采集完成: throughput=0/s, cpu=0.0149, tm=3, total_records=591765
[2025-12-01 08:18:33] 开始采集指标...
[2025-12-01 08:18:33] 采集完成: throughput=2670/s, cpu=0.0137, tm=3, total_records=607790
[2025-12-01 08:40:39] 开始采集指标...
[2025-12-01 08:40:39] 采集完成: throughput=0/s, cpu=0.0146, tm=3, total_records=2594420
[2025-12-01 08:40:49] 开始采集指标...
[2025-12-01 08:40:50] 采集完成: throughput=1625/s, cpu=0.0168, tm=3, total_records=2610670
[2025-12-01 08:41:00] 开始采集指标...
[2025-12-01 08:41:00] 采集完成: throughput=1462/s, cpu=0.0129, tm=3, total_records=2626755
[2025-12-01 08:41:10] 开始采集指标...
[2025-12-01 08:41:10] 采集完成: throughput=1624/s, cpu=0.0125, tm=3, total_records=2642995
[2025-12-01 08:41:20] 开始采集指标...
[2025-12-01 08:41:20] 采集完成: throughput=1631/s, cpu=0.0163, tm=3, total_records=2659305
[2025-12-01 08:41:30] 开始采集指标...
[2025-12-01 08:41:31] 采集完成: throughput=1625/s, cpu=0.0132, tm=3, total_records=2675560
[2025-12-01 08:41:41] 开始采集指标...
[2025-12-01 08:41:41] 采集完成: throughput=1476/s, cpu=0.0129, tm=3, total_records=2691805
[2025-12-01 08:41:51] 开始采集指标...
[2025-12-01 08:41:52] 采集完成: throughput=947/s, cpu=0.0258, tm=3, total_records=2701284
[2025-12-01 08:42:02] 开始采集指标...
[2025-12-01 08:42:02] 采集完成: throughput=1016/s, cpu=0.0194, tm=3, total_records=2712470
[2025-12-01 08:42:12] 开始采集指标...
[2025-12-01 08:42:12] 采集完成: throughput=1565/s, cpu=0.0136, tm=3, total_records=2728125
[2025-12-01 08:42:22] 开始采集指标...
[2025-12-01 08:42:23] 采集完成: throughput=1594/s, cpu=0.0190, tm=3, total_records=2744065
[2025-12-01 08:42:33] 开始采集指标...
[2025-12-01 08:42:33] 采集完成: throughput=1438/s, cpu=0.0125, tm=3, total_records=2759890
[2025-12-01 08:42:43] 开始采集指标...
[2025-12-01 08:42:43] 采集完成: throughput=1555/s, cpu=0.0127, tm=3, total_records=2775445
[2025-12-01 08:42:53] 开始采集指标...
[2025-12-01 08:42:54] 采集完成: throughput=1560/s, cpu=0.0181, tm=3, total_records=2791046
[2025-12-01 08:43:04] 开始采集指标...
[2025-12-01 08:43:04] 采集完成: throughput=1439/s, cpu=0.0129, tm=3, total_records=2806880
[2025-12-01 08:43:14] 开始采集指标...
[2025-12-01 08:43:14] 采集完成: throughput=1606/s, cpu=0.0122, tm=3, total_records=2822940
[2025-12-01 08:43:24] 开始采集指标...
[2025-12-01 08:43:24] 采集完成: throughput=1647/s, cpu=0.0175, tm=3, total_records=2839415
[2025-12-01 08:43:34] 开始采集指标...
[2025-12-01 08:43:35] 采集完成: throughput=1637/s, cpu=0.0128, tm=3, total_records=2855785
[2025-12-01 08:43:45] 开始采集指标...
[2025-12-01 08:43:45] 采集完成: throughput=1452/s, cpu=0.0179, tm=3, total_records=2871760
[2025-12-01 08:43:55] 开始采集指标...
[2025-12-01 08:43:55] 采集完成: throughput=1605/s, cpu=0.0171, tm=3, total_records=2887815
[2025-12-01 08:46:54] 开始采集指标...
[2025-12-01 08:46:54] 采集完成: throughput=1519/s, cpu=0.0155, tm=3, total_records=3159800
[2025-12-01 08:47:04] 开始采集指标...
[2025-12-01 08:47:05] 采集完成: throughput=1636/s, cpu=0.0129, tm=3, total_records=3176165
[2025-12-01 08:47:15] 开始采集指标...
[2025-12-01 08:47:15] 采集完成: throughput=1479/s, cpu=0.0131, tm=3, total_records=3192437
[2025-12-01 08:47:25] 开始采集指标...
[2025-12-01 08:47:25] 采集完成: throughput=1629/s, cpu=0.0196, tm=3, total_records=3208735
[2025-12-01 08:47:35] 开始采集指标...
[2025-12-01 08:47:36] 采集完成: throughput=1633/s, cpu=0.0130, tm=3, total_records=3225070
[2025-12-01 08:47:46] 开始采集指标...
[2025-12-01 08:47:46] 采集完成: throughput=1485/s, cpu=0.0128, tm=3, total_records=3241410
[2025-12-01 08:47:56] 开始采集指标...
[2025-12-01 08:47:56] 采集完成: throughput=1587/s, cpu=0.0197, tm=3, total_records=3257285
[2025-12-01 08:48:06] 开始采集指标...
[2025-12-01 08:48:07] 采集完成: throughput=1571/s, cpu=0.0171, tm=3, total_records=3273000
[2025-12-01 08:55:19] 开始采集指标...
[2025-12-01 08:55:20] 采集完成: throughput=0/s, cpu=0.0153, tm=3, total_records=3924505
[2025-12-01 08:55:30] 开始采集指标...
[2025-12-01 08:55:30] 采集完成: throughput=1462/s, cpu=0.0157, tm=3, total_records=3940587
[2025-12-01 08:55:40] 开始采集指标...
[2025-12-01 08:55:40] 采集完成: throughput=1579/s, cpu=0.0134, tm=3, total_records=3956385
[2025-12-01 08:55:50] 开始采集指标...
[2025-12-01 08:55:51] 采集完成: throughput=1503/s, cpu=0.0203, tm=3, total_records=3971420
[2025-12-01 08:56:01] 开始采集指标...
[2025-12-01 08:56:01] 采集完成: throughput=1446/s, cpu=0.0138, tm=3, total_records=3987330
[2025-12-01 08:56:11] 开始采集指标...
[2025-12-01 08:56:11] 采集完成: throughput=1631/s, cpu=0.0151, tm=3, total_records=4003640
[2025-12-01 08:56:21] 开始采集指标...
[2025-12-01 08:56:22] 采集完成: throughput=1638/s, cpu=0.0187, tm=3, total_records=4020020
[2025-12-01 08:56:32] 开始采集指标...
[2025-12-01 08:56:32] 采集完成: throughput=1482/s, cpu=0.0135, tm=3, total_records=4036330
[2025-12-01 08:56:42] 开始采集指标...
[2025-12-01 08:56:42] 采集完成: throughput=1647/s, cpu=0.0134, tm=3, total_records=4052800
[2025-12-01 08:56:52] 开始采集指标...
[2025-12-01 08:56:53] 采集完成: throughput=1615/s, cpu=0.0202, tm=3, total_records=4068950
[2025-12-01 08:57:03] 开始采集指标...
[2025-12-01 08:57:03] 采集完成: throughput=1503/s, cpu=0.0167, tm=3, total_records=4085483
[2025-12-01 08:57:13] 开始采集指标...
[2025-12-01 08:57:13] 采集完成: throughput=1631/s, cpu=0.0124, tm=3, total_records=4101800
[2025-12-01 08:57:23] 开始采集指标...
[2025-12-01 08:57:23] 采集完成: throughput=1639/s, cpu=0.0188, tm=3, total_records=4118190
[2025-12-01 08:57:33] 开始采集指标...
[2025-12-01 08:57:34] 采集完成: throughput=1661/s, cpu=0.0121, tm=3, total_records=4134800
[2025-12-01 08:57:44] 开始采集指标...
[2025-12-01 08:57:44] 采集完成: throughput=1505/s, cpu=0.0120, tm=3, total_records=4151360
[2025-12-01 08:57:54] 开始采集指标...
[2025-12-01 08:57:54] 采集完成: throughput=1648/s, cpu=0.0184, tm=3, total_records=4167840
[2025-12-01 08:58:04] 开始采集指标...
[2025-12-01 08:58:05] 采集完成: throughput=1635/s, cpu=0.0132, tm=3, total_records=4184192
[2025-12-01 08:58:15] 开始采集指标...
[2025-12-01 08:58:15] 采集完成: throughput=1421/s, cpu=0.0126, tm=3, total_records=4199825
[2025-12-01 08:58:25] 开始采集指标...
[2025-12-01 08:58:25] 采集完成: throughput=1581/s, cpu=0.0186, tm=3, total_records=4215635
[2025-12-01 08:58:35] 开始采集指标...
[2025-12-01 08:58:36] 采集完成: throughput=1574/s, cpu=0.0130, tm=3, total_records=4231375
[2025-12-01 09:04:42] 开始采集指标...
[2025-12-01 09:04:42] 采集完成: throughput=0/s, cpu=0.0148, tm=3, total_records=4777880
[2025-12-01 09:04:47] 开始采集指标...
[2025-12-01 09:04:48] 采集完成: throughput=0/s, cpu=0.0148, tm=3, total_records=4777880
[2025-12-01 09:04:53] 开始采集指标...
[2025-12-01 09:04:53] 采集完成: throughput=2749/s, cpu=0.0178, tm=3, total_records=4794375
[2025-12-01 09:04:58] 开始采集指标...
[2025-12-01 09:04:58] 采集完成: throughput=0/s, cpu=0.0178, tm=3, total_records=4794375
[2025-12-01 09:05:03] 开始采集指标...
[2025-12-01 09:05:04] 采集完成: throughput=3375/s, cpu=0.0125, tm=3, total_records=4811250
[2025-12-01 09:05:09] 开始采集指标...
[2025-12-01 09:05:09] 采集完成: throughput=0/s, cpu=0.0125, tm=3, total_records=4811250
[2025-12-01 09:05:14] 开始采集指标...
[2025-12-01 09:05:14] 采集完成: throughput=3404/s, cpu=0.0128, tm=3, total_records=4828271
[2025-12-01 09:05:19] 开始采集指标...
[2025-12-01 09:05:20] 采集完成: throughput=0/s, cpu=0.0128, tm=3, total_records=4828271
[2025-12-01 09:09:46] 开始采集指标...
[2025-12-01 09:09:46] 采集完成: throughput=1529/s, cpu=0.0154, tm=3, total_records=5236622
[2025-12-01 09:09:56] 开始采集指标...
[2025-12-01 09:09:56] 采集完成: throughput=1559/s, cpu=0.0180, tm=3, total_records=5252215
[2025-12-01 09:10:06] 开始采集指标...
[2025-12-01 09:10:07] 采集完成: throughput=1496/s, cpu=0.0128, tm=3, total_records=5267178
[2025-12-01 09:10:17] 开始采集指标...
[2025-12-01 09:10:17] 采集完成: throughput=1429/s, cpu=0.0181, tm=3, total_records=5282905
[2025-12-01 09:10:27] 开始采集指标...
[2025-12-01 09:10:27] 采集完成: throughput=1606/s, cpu=0.0144, tm=3, total_records=5298965
[2025-12-01 09:10:37] 开始采集指标...
[2025-12-01 09:10:37] 采集完成: throughput=1619/s, cpu=0.0170, tm=3, total_records=5315155
[2025-12-01 09:10:48] 开始采集指标...
[2025-12-01 09:10:48] 采集完成: throughput=1484/s, cpu=0.0177, tm=3, total_records=5331486
[2025-12-01 09:10:58] 开始采集指标...
[2025-12-01 09:10:58] 采集完成: throughput=1629/s, cpu=0.0162, tm=3, total_records=5347780
[2025-12-01 09:15:57] 开始采集指标...
[2025-12-01 09:15:57] 采集完成: throughput=1542/s, cpu=0.0157, tm=3, total_records=5808865
[2025-12-01 09:16:07] 开始采集指标...
[2025-12-01 09:16:08] 采集完成: throughput=937/s, cpu=0.0228, tm=3, total_records=5818240
[2025-12-01 09:16:18] 开始采集指标...
[2025-12-01 09:16:18] 采集完成: throughput=1387/s, cpu=0.0201, tm=3, total_records=5833505
[2025-12-01 09:16:28] 开始采集指标...
[2025-12-01 09:16:28] 采集完成: throughput=1610/s, cpu=0.0126, tm=3, total_records=5849610
[2025-12-01 09:16:38] 开始采集指标...
[2025-12-01 09:16:39] 采集完成: throughput=1649/s, cpu=0.0125, tm=3, total_records=5866105
[2025-12-01 09:16:49] 开始采集指标...
[2025-12-01 09:16:49] 采集完成: throughput=1484/s, cpu=0.0193, tm=3, total_records=5882430
[2025-12-01 09:16:59] 开始采集指标...
[2025-12-01 09:16:59] 采集完成: throughput=1647/s, cpu=0.0134, tm=3, total_records=5898900
[2025-12-01 09:17:09] 开始采集指标...
[2025-12-01 09:17:10] 采集完成: throughput=1636/s, cpu=0.0131, tm=3, total_records=5915266
[2025-12-01 09:17:34] 开始采集指标...
[2025-12-01 09:17:35] 采集完成: throughput=1522/s, cpu=0.0143, tm=3, total_records=5953325
[2025-12-01 09:17:45] 开始采集指标...
[2025-12-01 09:17:45] 采集完成: throughput=1468/s, cpu=0.0130, tm=3, total_records=5969475
[2025-12-01 09:17:55] 开始采集指标...
[2025-12-01 09:17:55] 采集完成: throughput=1567/s, cpu=0.0219, tm=3, total_records=5985145
[2025-12-01 09:18:05] 开始采集指标...
[2025-12-01 09:18:06] 采集完成: throughput=1584/s, cpu=0.0125, tm=3, total_records=6000985
[2025-12-01 09:18:16] 开始采集指标...
[2025-12-01 09:18:16] 采集完成: throughput=1492/s, cpu=0.0120, tm=3, total_records=6017400
[2025-12-01 09:18:26] 开始采集指标...
[2025-12-01 09:18:26] 采集完成: throughput=1596/s, cpu=0.0192, tm=3, total_records=6033365
[2025-12-01 09:18:36] 开始采集指标...
[2025-12-01 09:18:36] 采集完成: throughput=1656/s, cpu=0.0124, tm=3, total_records=6049930
[2025-12-01 09:18:46] 开始采集指标...
[2025-12-01 09:18:47] 采集完成: throughput=438/s, cpu=0.0156, tm=3, total_records=6066480
[2025-12-01 09:19:43] 开始采集指标...
[2025-12-01 09:19:43] 采集完成: throughput=1704/s, cpu=0.0150, tm=3, total_records=6151495
[2025-12-01 09:19:48] 开始采集指标...
[2025-12-01 09:19:48] 采集完成: throughput=0/s, cpu=0.0150, tm=3, total_records=6151495
[2025-12-01 09:19:53] 开始采集指标...
[2025-12-01 09:19:54] 采集完成: throughput=3365/s, cpu=0.0190, tm=3, total_records=6168320
[2025-12-01 09:19:59] 开始采集指标...
[2025-12-01 09:19:59] 采集完成: throughput=0/s, cpu=0.0190, tm=3, total_records=6168320
[2025-12-01 09:20:04] 开始采集指标...
[2025-12-01 09:20:04] 采集完成: throughput=3333/s, cpu=0.0128, tm=3, total_records=6184985
[2025-12-01 09:20:09] 开始采集指标...
[2025-12-01 09:20:09] 采集完成: throughput=0/s, cpu=0.0128, tm=3, total_records=6184985
[2025-12-01 09:20:14] 开始采集指标...
[2025-12-01 09:20:15] 采集完成: throughput=3277/s, cpu=0.0134, tm=3, total_records=6201370
[2025-12-01 09:20:20] 开始采集指标...
[2025-12-01 09:20:20] 采集完成: throughput=0/s, cpu=0.0134, tm=3, total_records=6201370
[2025-12-01 09:29:21] 开始采集指标...
[2025-12-01 09:29:22] 采集完成: throughput=1479/s, cpu=0.0125, tm=4, total_records=7002030
[2025-12-01 09:29:32] 开始采集指标...
[2025-12-01 09:29:32] 采集完成: throughput=1472/s, cpu=0.0126, tm=4, total_records=7018232
[2025-12-01 09:29:42] 开始采集指标...
[2025-12-01 09:29:42] 采集完成: throughput=1584/s, cpu=0.0110, tm=4, total_records=7034075
[2025-12-01 09:29:52] 开始采集指标...
[2025-12-01 09:29:53] 采集完成: throughput=1504/s, cpu=0.0183, tm=4, total_records=7049120
[2025-12-01 09:30:03] 开始采集指标...
[2025-12-01 09:30:03] 采集完成: throughput=1429/s, cpu=0.0127, tm=4, total_records=7064840
[2025-12-01 09:30:13] 开始采集指标...
[2025-12-01 09:30:13] 采集完成: throughput=1575/s, cpu=0.0119, tm=4, total_records=7080595
[2025-12-01 09:33:00] 开始采集指标...
[2025-12-01 09:33:01] 采集完成: throughput=1405/s, cpu=0.0156, tm=4, total_records=7315365
[2025-12-01 09:33:11] 开始采集指标...
[2025-12-01 09:33:11] 采集完成: throughput=1442/s, cpu=0.0116, tm=4, total_records=7331230
[2025-12-01 09:33:21] 开始采集指标...
[2025-12-01 09:33:21] 采集完成: throughput=1549/s, cpu=0.0178, tm=4, total_records=7346720
[2025-12-01 09:33:31] 开始采集指标...
[2025-12-01 09:33:32] 采集完成: throughput=1569/s, cpu=0.0113, tm=4, total_records=7362415
[2025-12-01 09:33:42] 开始采集指标...
[2025-12-01 09:33:42] 采集完成: throughput=1409/s, cpu=0.0122, tm=4, total_records=7377915
[2025-12-01 09:33:52] 开始采集指标...
[2025-12-01 09:33:52] 采集完成: throughput=1547/s, cpu=0.0185, tm=4, total_records=7393390
[2025-12-01 14:42:39] 开始采集指标...
[2025-12-01 14:42:39] 采集完成: throughput=0/s, cpu=0.0165, tm=3, total_records=1516660
[2025-12-01 14:42:49] 开始采集指标...
[2025-12-01 14:42:50] 采集完成: throughput=2303/s, cpu=0.0178, tm=3, total_records=1539695
[2025-12-01 14:43:00] 开始采集指标...
[2025-12-01 14:43:00] 采集完成: throughput=2145/s, cpu=0.0153, tm=3, total_records=1563300
[2025-12-01 14:43:10] 开始采集指标...
[2025-12-01 14:43:10] 采集完成: throughput=2337/s, cpu=0.0153, tm=3, total_records=1586670
[2025-12-01 14:43:20] 开始采集指标...
[2025-12-01 14:43:21] 采集完成: throughput=2383/s, cpu=0.0213, tm=3, total_records=1610505
[2025-12-01 14:43:31] 开始采集指标...
[2025-12-01 14:43:31] 采集完成: throughput=2167/s, cpu=0.0163, tm=3, total_records=1634350
[2025-12-01 15:03:17] 开始采集指标...
[2025-12-01 15:03:18] 采集完成: throughput=0/s, cpu=0.0177, tm=3, total_records=4160610
[2025-12-01 15:03:28] 开始采集指标...
[2025-12-01 15:03:28] 采集完成: throughput=2162/s, cpu=0.0174, tm=3, total_records=4184395
[2025-12-01 15:03:38] 开始采集指标...
[2025-12-01 15:03:38] 采集完成: throughput=2456/s, cpu=0.0203, tm=3, total_records=4208960
[2025-12-01 15:03:48] 开始采集指标...
[2025-12-01 15:03:49] 采集完成: throughput=2419/s, cpu=0.0206, tm=3, total_records=4233155
[2025-12-01 15:03:59] 开始采集指标...
[2025-12-01 15:03:59] 采集完成: throughput=2208/s, cpu=0.0185, tm=3, total_records=4257450
[2025-12-01 15:04:09] 开始采集指标...
[2025-12-01 15:04:09] 采集完成: throughput=2317/s, cpu=0.0155, tm=3, total_records=4280620
[2025-12-01 16:50:46] 开始采集指标...
[2025-12-01 16:50:46] 采集完成: throughput=0/s, cpu=0.0136, tm=3, total_records=9453
[2025-12-01 16:50:56] 开始采集指标...
[2025-12-01 16:50:57] 采集完成: throughput=2067/s, cpu=0.0246, tm=3, total_records=30123
[2025-12-01 16:51:07] 开始采集指标...
[2025-12-01 16:51:07] 采集完成: throughput=1967/s, cpu=0.0221, tm=3, total_records=51764
[2025-12-01 16:51:17] 开始采集指标...
[2025-12-01 16:51:17] 采集完成: throughput=2399/s, cpu=0.0174, tm=3, total_records=75759
[2025-12-01 16:51:27] 开始采集指标...
[2025-12-01 16:51:28] 采集完成: throughput=2185/s, cpu=0.0129, tm=3, total_records=97609
[2025-12-01 16:51:38] 开始采集指标...
[2025-12-01 16:51:38] 采集完成: throughput=2033/s, cpu=0.0167, tm=3, total_records=119979
[2025-12-01 16:53:14] 开始采集指标...
[2025-12-01 16:53:14] ERROR: Job 状态为 RESTARTING
[2025-12-01 16:53:24] 开始采集指标...
[2025-12-01 16:53:24] ERROR: Job 状态为 RESTARTING
[2025-12-01 16:55:32] 开始采集指标...
[2025-12-01 16:55:32] ERROR: Job 状态为 RESTARTING
[2025-12-01 16:55:42] 开始采集指标...
[2025-12-01 16:55:42] ERROR: Job 状态为 RESTARTING
[2025-12-05 15:39:08] 开始采集指标...
[2025-12-05 15:39:08] ERROR: Job 状态为 UNKNOWN
[2025-12-05 15:39:37] 开始采集指标...
[2025-12-05 15:39:37] ERROR: Job 状态为 RESTARTING
[2025-12-05 15:41:55] 开始采集指标...
[2025-12-05 15:41:55] 采集完成: throughput=0/s, cpu=0, tm=3, total_records=261285
[2025-12-05 15:42:05] 开始采集指标...
[2025-12-05 15:42:06] 采集完成: throughput=27007/s, cpu=0.0478, tm=3, total_records=270075
[2025-12-05 15:42:16] 开始采集指标...
[2025-12-05 15:42:16] 采集完成: throughput=2241/s, cpu=0.0211, tm=3, total_records=294735
[2025-12-05 15:42:26] 开始采集指标...
[2025-12-05 15:42:26] 采集完成: throughput=2663/s, cpu=0.0188, tm=3, total_records=321370
[2025-12-05 15:42:36] 开始采集指标...
[2025-12-05 15:42:36] 采集完成: throughput=2684/s, cpu=0.0178, tm=3, total_records=348210
[2025-12-05 15:42:47] 开始采集指标...
[2025-12-05 15:42:47] 采集完成: throughput=2397/s, cpu=0.0158, tm=3, total_records=374584
[2025-12-05 15:44:54] 开始采集指标...
[2025-12-05 15:44:54] ERROR: Job 状态为 RESTARTING
[2025-12-05 15:58:32] 开始采集指标...
[2025-12-05 15:58:33] 采集完成: throughput=0/s, cpu=0.0295, tm=3, total_records=32615
[2025-12-05 15:58:43] 开始采集指标...
[2025-12-05 15:58:43] 采集完成: throughput=2251/s, cpu=0.0145, tm=3, total_records=57385
[2025-12-05 15:58:53] 开始采集指标...
[2025-12-05 15:58:53] 采集完成: throughput=2440/s, cpu=0.0130, tm=3, total_records=81790
[2025-12-05 15:59:03] 开始采集指标...
[2025-12-05 15:59:04] 采集完成: throughput=2416/s, cpu=0.0151, tm=3, total_records=105950
[2025-12-05 15:59:14] 开始采集指标...
[2025-12-05 15:59:14] 采集完成: throughput=2151/s, cpu=0.0177, tm=3, total_records=129613
[2025-12-05 15:59:24] 开始采集指标...
[2025-12-05 15:59:24] 采集完成: throughput=2487/s, cpu=0.0166, tm=3, total_records=154485
[2025-12-05 16:01:21] 开始采集指标...
[2025-12-05 16:01:21] 采集完成: throughput=2248/s, cpu=0.0172, tm=3, total_records=417560
[2025-12-05 16:01:31] 开始采集指标...
[2025-12-05 16:01:31] 采集完成: throughput=2394/s, cpu=0.0138, tm=3, total_records=441508
[2025-12-05 16:01:41] 开始采集指标...
[2025-12-05 16:01:42] 采集完成: throughput=2375/s, cpu=0.0131, tm=3, total_records=465265
[2025-12-05 16:01:52] 开始采集指标...
[2025-12-05 16:01:52] 采集完成: throughput=2112/s, cpu=0.0140, tm=3, total_records=488505
[2025-12-05 16:02:02] 开始采集指标...
[2025-12-05 16:02:02] 采集完成: throughput=2352/s, cpu=0.0150, tm=3, total_records=512030
[2025-12-05 16:02:12] 开始采集指标...
[2025-12-05 16:02:13] 采集完成: throughput=2424/s, cpu=0.0124, tm=3, total_records=536270
[2025-12-05 16:13:10] 开始采集指标...
[2025-12-05 16:13:10] ERROR: Job 状态为 CANCELED
[2025-12-05 16:13:54] 开始采集指标...
[2025-12-05 16:13:54] 采集完成: throughput=0/s, cpu=0.0138, tm=3, total_records=484455
[2025-12-05 16:14:04] 开始采集指标...
[2025-12-05 16:14:05] 采集完成: throughput=2988/s, cpu=0.0136, tm=3, total_records=514335
[2025-12-05 16:14:15] 开始采集指标...
[2025-12-05 16:14:15] 采集完成: throughput=2341/s, cpu=0.0119, tm=3, total_records=540090
[2025-12-05 16:14:25] 开始采集指标...
[2025-12-05 16:14:25] 采集完成: throughput=2591/s, cpu=0.0130, tm=3, total_records=566000
[2025-12-05 16:14:35] 开始采集指标...
[2025-12-05 16:14:36] 采集完成: throughput=2614/s, cpu=0.0138, tm=3, total_records=592149
[2025-12-05 16:14:46] 开始采集指标...
[2025-12-05 16:14:46] 采集完成: throughput=2380/s, cpu=0.0161, tm=3, total_records=618335
[2025-12-05 16:16:14] 开始采集指标...
[2025-12-05 16:16:14] 采集完成: throughput=0/s, cpu=0.0191, tm=3, total_records=153838
[2025-12-05 16:16:24] 开始采集指标...
[2025-12-05 16:16:25] 采集完成: throughput=2854/s, cpu=0.0229, tm=3, total_records=182385
[2025-12-05 16:16:35] 开始采集指标...
[2025-12-05 16:16:35] 采集完成: throughput=2404/s, cpu=0.0196, tm=3, total_records=208836
[2025-12-05 16:16:45] 开始采集指标...
[2025-12-05 16:16:45] 采集完成: throughput=2919/s, cpu=0.0180, tm=3, total_records=238030
[2025-12-05 16:16:55] 开始采集指标...
[2025-12-05 16:16:56] 采集完成: throughput=3039/s, cpu=0.0164, tm=3, total_records=268420
[2025-12-05 16:17:06] 开始采集指标...
[2025-12-05 16:17:06] 采集完成: throughput=2730/s, cpu=0.0201, tm=3, total_records=298460
[2025-12-05 16:18:00] 开始采集指标...
[2025-12-05 16:18:00] 采集完成: throughput=2049/s, cpu=0.0195, tm=3, total_records=409145
[2025-12-05 16:18:10] 开始采集指标...
[2025-12-05 16:18:10] 采集完成: throughput=2848/s, cpu=0.0175, tm=3, total_records=437625
[2025-12-05 16:18:20] 开始采集指标...
[2025-12-05 16:18:21] 采集完成: throughput=2973/s, cpu=0.0192, tm=3, total_records=467355
[2025-12-05 16:18:31] 开始采集指标...
[2025-12-05 16:18:31] 采集完成: throughput=2737/s, cpu=0.0171, tm=3, total_records=497470
[2025-12-05 16:18:41] 开始采集指标...
[2025-12-05 16:18:41] 采集完成: throughput=3009/s, cpu=0.0217, tm=3, total_records=527565
[2025-12-05 16:18:51] 开始采集指标...
[2025-12-05 16:18:51] 采集完成: throughput=3004/s, cpu=0.0191, tm=3, total_records=557610
[2025-12-05 16:20:55] 开始采集指标...
[2025-12-05 16:20:55] 采集完成: throughput=2325/s, cpu=0.0204, tm=3, total_records=846006
[2025-12-05 16:21:05] 开始采集指标...
[2025-12-05 16:21:06] 采集完成: throughput=2912/s, cpu=0.0200, tm=3, total_records=875135
[2025-12-05 16:21:16] 开始采集指标...
[2025-12-05 16:21:16] 采集完成: throughput=2779/s, cpu=0.0193, tm=3, total_records=905712
[2025-12-05 16:21:26] 开始采集指标...
[2025-12-05 16:21:26] 采集完成: throughput=3003/s, cpu=0.0160, tm=3, total_records=935745
[2025-12-05 16:21:36] 开始采集指标...
[2025-12-05 16:21:37] 采集完成: throughput=2979/s, cpu=0.0167, tm=3, total_records=965537
[2025-12-05 16:21:47] 开始采集指标...
[2025-12-05 16:21:47] 采集完成: throughput=2516/s, cpu=0.0184, tm=3, total_records=993220
[2025-12-05 16:24:23] 开始采集指标...
[2025-12-05 16:24:24] 采集完成: throughput=2374/s, cpu=0.0193, tm=3, total_records=1363645
[2025-12-05 16:24:34] 开始采集指标...
[2025-12-05 16:24:34] 采集完成: throughput=2444/s, cpu=0.0174, tm=3, total_records=1390535
[2025-12-05 16:24:44] 开始采集指标...
[2025-12-05 16:24:44] 采集完成: throughput=2617/s, cpu=0.0214, tm=3, total_records=1416714
[2025-12-05 16:24:54] 开始采集指标...
[2025-12-05 16:24:54] 采集完成: throughput=2605/s, cpu=0.0171, tm=3, total_records=1442765
[2025-12-05 16:25:04] 开始采集指标...
[2025-12-05 16:25:05] 采集完成: throughput=2595/s, cpu=0.0163, tm=3, total_records=1468715
[2025-12-05 16:25:15] 开始采集指标...
[2025-12-05 16:25:15] 采集完成: throughput=2298/s, cpu=0.0228, tm=3, total_records=1493995
[2025-12-05 16:27:43] 开始采集指标...
[2025-12-05 16:27:43] 采集完成: throughput=0/s, cpu=0.0150, tm=3, total_records=316155
[2025-12-05 16:27:53] 开始采集指标...
[2025-12-05 16:27:54] 采集完成: throughput=1026/s, cpu=0.0346, tm=3, total_records=326415
[2025-12-05 16:28:04] 开始采集指标...
[2025-12-05 16:28:04] 采集完成: throughput=1756/s, cpu=0.0276, tm=3, total_records=345735
[2025-12-05 16:28:14] 开始采集指标...
[2025-12-05 16:28:14] 采集完成: throughput=2639/s, cpu=0.0148, tm=3, total_records=372130
[2025-12-05 16:28:24] 开始采集指标...
[2025-12-05 16:28:25] 采集完成: throughput=2681/s, cpu=0.0129, tm=3, total_records=398940
[2025-12-05 16:28:35] 开始采集指标...
[2025-12-05 16:28:35] 采集完成: throughput=2356/s, cpu=0.0163, tm=3, total_records=424865
[2025-12-05 16:28:45] 开始采集指标...
[2025-12-05 16:28:45] 采集完成: throughput=2551/s, cpu=0.0132, tm=3, total_records=450380
[2025-12-05 16:28:55] 开始采集指标...
[2025-12-05 16:28:56] 采集完成: throughput=2630/s, cpu=0.0129, tm=3, total_records=476680
[2025-12-05 16:30:03] 开始采集指标...
[2025-12-05 16:30:03] 采集完成: throughput=0/s, cpu=0.0211, tm=3, total_records=120065
[2025-12-05 16:30:13] 开始采集指标...
[2025-12-05 16:30:13] 采集完成: throughput=2278/s, cpu=0.0306, tm=3, total_records=142845
[2025-12-05 16:30:23] 开始采集指标...
[2025-12-05 16:30:24] 采集完成: throughput=2326/s, cpu=0.0147, tm=3, total_records=166107
[2025-12-05 16:30:34] 开始采集指标...
[2025-12-05 16:30:34] 采集完成: throughput=2220/s, cpu=0.0143, tm=3, total_records=190535
[2025-12-05 16:30:44] 开始采集指标...
[2025-12-05 16:30:44] 采集完成: throughput=2389/s, cpu=0.0195, tm=3, total_records=214430
[2025-12-05 16:30:54] 开始采集指标...
[2025-12-05 16:30:55] 采集完成: throughput=2354/s, cpu=0.0142, tm=3, total_records=237975
[2025-12-05 16:31:05] 开始采集指标...
[2025-12-05 16:31:05] 采集完成: throughput=2209/s, cpu=0.0146, tm=3, total_records=262280
[2025-12-05 16:31:15] 开始采集指标...
[2025-12-05 16:31:15] 采集完成: throughput=2371/s, cpu=0.0253, tm=3, total_records=285995
[2025-12-05 16:31:45] 开始采集指标...
[2025-12-05 16:31:46] 采集完成: throughput=0/s, cpu=0.0558, tm=3, total_records=33695
[2025-12-05 16:31:56] 开始采集指标...
[2025-12-05 16:31:56] 采集完成: throughput=2289/s, cpu=0.0205, tm=3, total_records=58875
[2025-12-05 16:32:06] 开始采集指标...
[2025-12-05 16:32:06] 采集完成: throughput=2392/s, cpu=0.0200, tm=3, total_records=82799
[2025-12-05 16:32:16] 开始采集指标...
[2025-12-05 16:32:17] 采集完成: throughput=2266/s, cpu=0.0257, tm=3, total_records=105463
[2025-12-05 16:32:27] 开始采集指标...
[2025-12-05 16:32:27] 采集完成: throughput=2222/s, cpu=0.0200, tm=3, total_records=129912
[2025-12-05 16:32:37] 开始采集指标...
[2025-12-05 16:32:37] 采集完成: throughput=2294/s, cpu=0.0211, tm=3, total_records=152855
[2025-12-05 16:32:47] 开始采集指标...
[2025-12-05 16:32:47] 采集完成: throughput=2502/s, cpu=0.0252, tm=3, total_records=177880
[2025-12-05 16:32:58] 开始采集指标...
[2025-12-05 16:32:58] 采集完成: throughput=2497/s, cpu=0.0192, tm=3, total_records=202855
[2025-12-05 16:34:29] 开始采集指标...
[2025-12-05 16:34:29] 采集完成: throughput=0/s, cpu=0.0241, tm=4, total_records=130718
[2025-12-05 16:34:39] 开始采集指标...
[2025-12-05 16:34:40] 采集完成: throughput=5850/s, cpu=0.0259, tm=4, total_records=155720
[2025-12-05 16:34:50] 开始采集指标...
[2025-12-05 16:34:50] 采集完成: throughput=2298/s, cpu=0.0301, tm=4, total_records=181000
[2025-12-05 16:35:00] 开始采集指标...
[2025-12-05 16:35:00] 采集完成: throughput=2510/s, cpu=0.0304, tm=4, total_records=206105
[2025-12-05 16:35:10] 开始采集指标...
[2025-12-05 16:35:11] 采集完成: throughput=2468/s, cpu=0.0275, tm=4, total_records=230785
[2025-12-05 16:35:21] 开始采集指标...
[2025-12-05 16:35:21] 采集完成: throughput=2031/s, cpu=0.0366, tm=4, total_records=253130
[2025-12-05 16:35:31] 开始采集指标...
[2025-12-05 16:35:31] 采集完成: throughput=2442/s, cpu=0.0323, tm=4, total_records=277550
[2025-12-05 16:35:41] 开始采集指标...
[2025-12-05 16:35:42] 采集完成: throughput=2592/s, cpu=0.0223, tm=4, total_records=303475
[2025-12-05 16:37:22] 开始采集指标...
[2025-12-05 16:37:22] 采集完成: throughput=2382/s, cpu=0.0213, tm=5, total_records=544134
[2025-12-05 16:37:32] 开始采集指标...
[2025-12-05 16:37:32] 采集完成: throughput=2641/s, cpu=0.0230, tm=5, total_records=570545
[2025-12-05 16:37:42] 开始采集指标...
[2025-12-05 16:37:43] 采集完成: throughput=2724/s, cpu=0.0158, tm=5, total_records=597790
[2025-12-05 16:37:53] 开始采集指标...
[2025-12-05 16:37:53] 采集完成: throughput=2475/s, cpu=0.0169, tm=5, total_records=625025
[2025-12-05 16:38:03] 开始采集指标...
[2025-12-05 16:38:03] 采集完成: throughput=2683/s, cpu=0.0203, tm=5, total_records=651860
[2025-12-05 16:38:13] 开始采集指标...
[2025-12-05 16:38:14] 采集完成: throughput=2509/s, cpu=0.0200, tm=5, total_records=676950
[2025-12-05 16:38:24] 开始采集指标...
[2025-12-05 16:38:24] 采集完成: throughput=1748/s, cpu=0.0327, tm=5, total_records=696185
[2025-12-05 16:38:34] 开始采集指标...
[2025-12-05 16:38:35] 采集完成: throughput=1975/s, cpu=0.0250, tm=5, total_records=715937
[2025-12-05 16:39:47] 开始采集指标...
[2025-12-05 16:39:47] 采集完成: throughput=2418/s, cpu=0.0152, tm=6, total_records=892513
[2025-12-05 16:39:57] 开始采集指标...
[2025-12-05 16:39:58] 采集完成: throughput=2461/s, cpu=0.0190, tm=6, total_records=917130
[2025-12-05 16:40:08] 开始采集指标...
[2025-12-05 16:40:08] 采集完成: throughput=2328/s, cpu=0.0157, tm=6, total_records=942740
[2025-12-05 16:40:18] 开始采集指标...
[2025-12-05 16:40:19] 采集完成: throughput=2287/s, cpu=0.0175, tm=6, total_records=965615
[2025-12-05 16:40:29] 开始采集指标...
[2025-12-05 16:40:29] 采集完成: throughput=2081/s, cpu=0.0216, tm=6, total_records=988514
[2025-12-05 16:40:39] 开始采集指标...
[2025-12-05 16:40:39] 采集完成: throughput=1875/s, cpu=0.0198, tm=6, total_records=1007271
[2025-12-05 16:40:49] 开始采集指标...
[2025-12-05 16:40:50] 采集完成: throughput=2411/s, cpu=0.0162, tm=6, total_records=1031387
[2025-12-05 16:41:00] 开始采集指标...
[2025-12-05 16:41:00] 采集完成: throughput=2152/s, cpu=0.0198, tm=6, total_records=1055060
[2025-12-08 11:20:42] 开始采集指标...
[2025-12-08 11:20:43] 采集完成: throughput=0/s, cpu=0.0353, tm=3, total_records=1017
[2025-12-08 11:20:53] 开始采集指标...
[2025-12-08 11:20:53] 采集完成: throughput=0/s, cpu=0.0229, tm=3, total_records=1017
[2025-12-08 11:21:03] 开始采集指标...
[2025-12-08 11:21:03] 采集完成: throughput=0/s, cpu=0.0240, tm=3, total_records=1017
[2025-12-08 11:25:25] 开始采集指标...
[2025-12-08 11:25:26] 采集完成: throughput=3/s, cpu=0.0199, tm=3, total_records=2051
[2025-12-08 11:25:36] 开始采集指标...
[2025-12-08 11:25:36] 采集完成: throughput=0/s, cpu=0.0171, tm=3, total_records=2051
[2025-12-08 11:25:46] 开始采集指标...
[2025-12-08 11:25:46] 采集完成: throughput=0/s, cpu=0.0123, tm=3, total_records=2051
[2025-12-08 11:25:56] 开始采集指标...
[2025-12-08 11:25:57] 采集完成: throughput=0/s, cpu=0.0130, tm=3, total_records=2051
[2025-12-08 11:26:07] 开始采集指标...
[2025-12-08 11:26:07] 采集完成: throughput=0/s, cpu=0.0139, tm=3, total_records=2051
[2025-12-08 11:26:17] 开始采集指标...
[2025-12-08 11:26:17] 采集完成: throughput=0/s, cpu=0.0138, tm=3, total_records=2051
[2025-12-08 12:00:25] 开始采集指标...
[2025-12-08 12:00:26] 采集完成: throughput=3/s, cpu=0.0130, tm=3, total_records=8927
[2025-12-08 12:00:36] 开始采集指标...
[2025-12-08 12:00:36] 采集完成: throughput=0/s, cpu=0.0120, tm=3, total_records=8927
[2025-12-08 12:00:46] 开始采集指标...
[2025-12-08 12:00:46] 采集完成: throughput=0/s, cpu=0.0112, tm=3, total_records=8927
[2025-12-08 12:03:05] 开始采集指标...
[2025-12-08 12:03:05] 采集完成: throughput=2/s, cpu=0.0122, tm=3, total_records=9269
[2025-12-08 12:03:30] 开始采集指标...
[2025-12-08 12:03:30] 采集完成: throughput=13/s, cpu=0.0119, tm=3, total_records=0
[2025-12-08 12:03:40] 开始采集指标...
[2025-12-08 12:03:41] 采集完成: throughput=0/s, cpu=0.0114, tm=3, total_records=0
[2025-12-08 12:03:51] 开始采集指标...
[2025-12-08 12:03:51] 采集完成: throughput=0/s, cpu=0.0109, tm=3, total_records=0
[2025-12-08 12:08:36] 开始采集指标...
[2025-12-08 12:08:36] 采集完成: source_throughput=3/s, cpu=0.0126, tm=3, source_total_records=10653
[2025-12-08 12:08:46] 开始采集指标...
[2025-12-08 12:08:47] 采集完成: source_throughput=0/s, cpu=0.0119, tm=3, source_total_records=10653
[2025-12-08 12:25:16] 开始采集指标...
[2025-12-08 12:25:16] 采集完成: source_throughput=3/s, cpu=0.0458, tm=3, source_total_records=13651
[2025-12-08 12:25:26] 开始采集指标...
[2025-12-08 12:25:27] 采集完成: source_throughput=24/s, cpu=0.0438, tm=3, source_total_records=14650
[2025-12-08 12:25:37] 开始采集指标...
[2025-12-08 12:25:37] 采集完成: source_throughput=158/s, cpu=0.0494, tm=3, source_total_records=15643
[2025-12-09 09:54:10] 开始采集指标...
[2025-12-09 09:54:10] 采集完成: source_throughput=0/s, cpu=0.1865, tm=3, source_total_records=51940
[2025-12-09 09:54:20] 开始采集指标...
[2025-12-09 09:54:21] 采集完成: source_throughput=999/s, cpu=0.1183, tm=3, source_total_records=61938
[2025-12-09 09:54:31] 开始采集指标...
[2025-12-09 09:54:31] 采集完成: source_throughput=898/s, cpu=0.0983, tm=3, source_total_records=71817
[2025-12-09 09:54:41] 开始采集指标...
[2025-12-09 09:54:41] 采集完成: source_throughput=985/s, cpu=0.1033, tm=3, source_total_records=81673
[2025-12-09 09:54:51] 开始采集指标...
[2025-12-09 09:54:52] 采集完成: source_throughput=984/s, cpu=0.0901, tm=3, source_total_records=91513
[2025-12-09 09:55:02] 开始采集指标...
[2025-12-09 09:55:02] 采集完成: source_throughput=901/s, cpu=0.0761, tm=3, source_total_records=101427
