2025-11-30 05:30:19 - Checkpointɹ
2025-11-30 05:30:28 - node02TM5
2025-11-30 05:30:33 - node02ֹͣTMPID:13722 TaskManagerRunner4
2025-11-30 05:30:41 - Checkpointɹ
2025-11-30 05:30:50 - node02TM5
2025-11-30 05:30:55 - node02ֹͣTMPID:14490 TaskManagerRunner4
[2025-11-30 07:31:46] ========== 开始决策 ==========
[2025-11-30 07:31:46] 当前状态: 并行度=1, TM数量=4
[2025-11-30 07:31:46] 各项指标正常，无需调整
[2025-11-30 07:32:11] ========== 开始决策 ==========
[2025-11-30 07:32:11] 当前状态: 并行度=1, TM数量=4
[2025-11-30 07:32:11] 各项指标正常，无需调整
[2025-11-30 11:56:32] ========== 开始决策 ==========
[2025-11-30 11:56:32] 当前状态: 并行度=1, TM数量=4
[2025-11-30 11:56:32] CPU 负载低于下限，触发 TM 缩容
[2025-11-30 11:56:33] 在 node01 停止一个 TM...
[2025-11-30 11:56:33] node01 减少 TM，当前集群总数: 3
[2025-11-30 12:06:18] ========== 开始决策 ==========
[2025-11-30 12:06:18] 当前状态: 并行度=1, TM数量=3
[2025-11-30 12:06:18] 各项指标正常，无需调整
[2025-11-30 12:06:23] ========== 开始决策 ==========
[2025-11-30 12:06:23] 当前状态: 并行度=1, TM数量=3
[2025-11-30 12:06:23] 各项指标正常，无需调整
[2025-11-30 12:06:26] ========== 开始决策 ==========
[2025-11-30 12:06:27] 当前状态: 并行度=1, TM数量=3
[2025-11-30 12:06:27] 各项指标正常，无需调整
[2025-11-30 12:06:29] ========== 开始决策 ==========
[2025-11-30 12:06:29] 当前状态: 并行度=1, TM数量=3
[2025-11-30 12:06:29] 各项指标正常，无需调整
[2025-11-30 12:06:32] ========== 开始决策 ==========
[2025-11-30 12:06:32] 当前状态: 并行度=1, TM数量=3
[2025-11-30 12:06:32] CPU 负载低于下限，触发 TM 缩容
[2025-11-30 12:06:32] TM 数量已达下限 (3/3)
[2025-11-30 12:06:34] ========== 开始决策 ==========
[2025-11-30 12:06:34] 当前状态: 并行度=1, TM数量=3
[2025-11-30 12:06:34] CPU 负载低于下限，触发 TM 缩容
[2025-11-30 12:06:34] TM 数量已达下限 (3/3)
[2025-11-30 12:06:37] ========== 开始决策 ==========
[2025-11-30 12:06:37] 当前状态: 并行度=1, TM数量=3
[2025-11-30 12:06:37] CPU 负载低于下限，触发 TM 缩容
[2025-11-30 12:06:37] TM 数量已达下限 (3/3)
[2025-11-30 12:06:39] ========== 开始决策 ==========
[2025-11-30 12:06:40] 当前状态: 并行度=1, TM数量=3
[2025-11-30 12:06:40] CPU 负载低于下限，触发 TM 缩容
[2025-11-30 12:06:40] TM 数量已达下限 (3/3)
[2025-11-30 12:06:43] ========== 开始决策 ==========
[2025-11-30 12:06:43] 当前状态: 并行度=1, TM数量=3
[2025-11-30 12:06:43] CPU 负载低于下限，触发 TM 缩容
[2025-11-30 12:06:43] TM 数量已达下限 (3/3)
[2025-11-30 12:06:45] ========== 开始决策 ==========
[2025-11-30 12:06:45] 当前状态: 并行度=1, TM数量=3
[2025-11-30 12:06:45] CPU 负载低于下限，触发 TM 缩容
[2025-11-30 12:06:45] TM 数量已达下限 (3/3)
[2025-11-30 12:06:48] ========== 开始决策 ==========
[2025-11-30 12:06:48] 当前状态: 并行度=1, TM数量=3
[2025-11-30 12:06:48] CPU 负载低于下限，触发 TM 缩容
[2025-11-30 12:06:48] TM 数量已达下限 (3/3)
[2025-11-30 12:06:50] ========== 开始决策 ==========
[2025-11-30 12:06:50] 当前状态: 并行度=1, TM数量=3
[2025-11-30 12:06:50] CPU 负载低于下限，触发 TM 缩容
[2025-11-30 12:06:50] TM 数量已达下限 (3/3)
[2025-11-30 12:06:54] ========== 开始决策 ==========
[2025-11-30 12:06:54] 当前状态: 并行度=1, TM数量=3
[2025-11-30 12:06:54] CPU 负载低于下限，触发 TM 缩容
[2025-11-30 12:06:54] TM 数量已达下限 (3/3)
[2025-11-30 12:06:56] ========== 开始决策 ==========
[2025-11-30 12:06:56] 当前状态: 并行度=1, TM数量=3
[2025-11-30 12:06:56] CPU 负载低于下限，触发 TM 缩容
[2025-11-30 12:06:56] TM 数量已达下限 (3/3)
[2025-11-30 12:06:59] ========== 开始决策 ==========
[2025-11-30 12:06:59] 当前状态: 并行度=1, TM数量=3
[2025-11-30 12:06:59] CPU 负载低于下限，触发 TM 缩容
[2025-11-30 12:06:59] TM 数量已达下限 (3/3)
[2025-11-30 12:07:01] ========== 开始决策 ==========
[2025-11-30 12:07:01] 当前状态: 并行度=1, TM数量=3
[2025-11-30 12:07:01] CPU 负载低于下限，触发 TM 缩容
[2025-11-30 12:07:01] TM 数量已达下限 (3/3)
[2025-11-30 12:07:05] ========== 开始决策 ==========
[2025-11-30 12:07:05] 当前状态: 并行度=1, TM数量=3
[2025-11-30 12:07:05] CPU 负载低于下限，触发 TM 缩容
[2025-11-30 12:07:05] TM 数量已达下限 (3/3)
[2025-11-30 12:07:07] ========== 开始决策 ==========
[2025-11-30 12:07:07] 当前状态: 并行度=1, TM数量=3
[2025-11-30 12:07:07] CPU 负载低于下限，触发 TM 缩容
[2025-11-30 12:07:07] TM 数量已达下限 (3/3)
[2025-11-30 12:07:10] ========== 开始决策 ==========
[2025-11-30 12:07:10] 当前状态: 并行度=1, TM数量=3
[2025-11-30 12:07:10] CPU 负载低于下限，触发 TM 缩容
[2025-11-30 12:07:10] TM 数量已达下限 (3/3)
[2025-11-30 12:07:12] ========== 开始决策 ==========
[2025-11-30 12:07:12] 当前状态: 并行度=1, TM数量=3
[2025-11-30 12:07:12] CPU 负载低于下限，触发 TM 缩容
[2025-11-30 12:07:12] TM 数量已达下限 (3/3)
[2025-11-30 12:07:16] ========== 开始决策 ==========
[2025-11-30 12:07:16] 当前状态: 并行度=1, TM数量=3
[2025-11-30 12:07:16] CPU 负载低于下限，触发 TM 缩容
[2025-11-30 12:07:16] TM 数量已达下限 (3/3)
[2025-11-30 12:07:18] ========== 开始决策 ==========
[2025-11-30 12:07:18] 当前状态: 并行度=1, TM数量=3
[2025-11-30 12:07:18] CPU 负载低于下限，触发 TM 缩容
[2025-11-30 12:07:18] TM 数量已达下限 (3/3)
[2025-11-30 12:07:21] ========== 开始决策 ==========
[2025-11-30 12:07:21] 当前状态: 并行度=1, TM数量=3
[2025-11-30 12:07:21] CPU 负载低于下限，触发 TM 缩容
[2025-11-30 12:07:21] TM 数量已达下限 (3/3)
[2025-11-30 12:07:23] ========== 开始决策 ==========
[2025-11-30 12:07:23] 当前状态: 并行度=1, TM数量=3
[2025-11-30 12:07:23] CPU 负载低于下限，触发 TM 缩容
[2025-11-30 12:07:23] TM 数量已达下限 (3/3)
[2025-11-30 12:07:26] ========== 开始决策 ==========
[2025-11-30 12:07:27] 当前状态: 并行度=1, TM数量=3
[2025-11-30 12:07:27] CPU 负载低于下限，触发 TM 缩容
[2025-11-30 12:07:27] TM 数量已达下限 (3/3)
[2025-11-30 12:07:29] ========== 开始决策 ==========
[2025-11-30 12:07:29] 当前状态: 并行度=1, TM数量=3
[2025-11-30 12:07:29] CPU 负载低于下限，触发 TM 缩容
[2025-11-30 12:07:29] TM 数量已达下限 (3/3)
[2025-11-30 12:07:32] ========== 开始决策 ==========
[2025-11-30 12:07:32] 当前状态: 并行度=1, TM数量=3
[2025-11-30 12:07:32] CPU 负载低于下限，触发 TM 缩容
[2025-11-30 12:07:32] TM 数量已达下限 (3/3)
[2025-11-30 12:07:34] ========== 开始决策 ==========
[2025-11-30 12:07:34] 当前状态: 并行度=1, TM数量=3
[2025-11-30 12:07:34] CPU 负载低于下限，触发 TM 缩容
[2025-11-30 12:07:34] TM 数量已达下限 (3/3)
[2025-11-30 12:07:37] ========== 开始决策 ==========
[2025-11-30 12:07:38] 当前状态: 并行度=1, TM数量=3
[2025-11-30 12:07:38] CPU 负载低于下限，触发 TM 缩容
[2025-11-30 12:07:38] TM 数量已达下限 (3/3)
[2025-11-30 12:07:40] ========== 开始决策 ==========
[2025-11-30 12:07:40] 当前状态: 并行度=1, TM数量=3
[2025-11-30 12:07:40] CPU 负载低于下限，触发 TM 缩容
[2025-11-30 12:07:40] TM 数量已达下限 (3/3)
[2025-11-30 12:07:43] ========== 开始决策 ==========
[2025-11-30 12:07:43] 当前状态: 并行度=1, TM数量=3
[2025-11-30 12:07:43] CPU 负载低于下限，触发 TM 缩容
[2025-11-30 12:07:43] TM 数量已达下限 (3/3)
[2025-11-30 12:07:45] ========== 开始决策 ==========
[2025-11-30 12:07:45] 当前状态: 并行度=1, TM数量=3
[2025-11-30 12:07:45] CPU 负载低于下限，触发 TM 缩容
[2025-11-30 12:07:45] TM 数量已达下限 (3/3)
[2025-11-30 12:07:48] ========== 开始决策 ==========
[2025-11-30 12:07:48] 当前状态: 并行度=1, TM数量=3
[2025-11-30 12:07:48] CPU 负载低于下限，触发 TM 缩容
[2025-11-30 12:07:48] TM 数量已达下限 (3/3)
[2025-11-30 12:07:50] ========== 开始决策 ==========
[2025-11-30 12:07:51] 当前状态: 并行度=1, TM数量=3
[2025-11-30 12:07:51] CPU 负载低于下限，触发 TM 缩容
[2025-11-30 12:07:51] TM 数量已达下限 (3/3)
[2025-11-30 12:07:54] ========== 开始决策 ==========
[2025-11-30 12:07:54] 当前状态: 并行度=1, TM数量=3
[2025-11-30 12:07:54] CPU 负载低于下限，触发 TM 缩容
[2025-11-30 12:07:54] TM 数量已达下限 (3/3)
[2025-11-30 12:07:56] ========== 开始决策 ==========
[2025-11-30 12:07:56] 当前状态: 并行度=1, TM数量=3
[2025-11-30 12:07:56] CPU 负载低于下限，触发 TM 缩容
[2025-11-30 12:07:56] TM 数量已达下限 (3/3)
[2025-11-30 12:07:59] ========== 开始决策 ==========
[2025-11-30 12:07:59] 当前状态: 并行度=1, TM数量=3
[2025-11-30 12:07:59] CPU 负载低于下限，触发 TM 缩容
[2025-11-30 12:07:59] TM 数量已达下限 (3/3)
[2025-11-30 12:08:01] ========== 开始决策 ==========
[2025-11-30 12:08:01] 当前状态: 并行度=1, TM数量=3
[2025-11-30 12:08:02] CPU 负载低于下限，触发 TM 缩容
[2025-11-30 12:08:02] TM 数量已达下限 (3/3)
[2025-11-30 12:08:05] ========== 开始决策 ==========
[2025-11-30 12:08:05] 当前状态: 并行度=1, TM数量=3
[2025-11-30 12:08:05] CPU 负载低于下限，触发 TM 缩容
[2025-11-30 12:08:05] TM 数量已达下限 (3/3)
[2025-11-30 12:08:07] ========== 开始决策 ==========
[2025-11-30 12:08:07] 当前状态: 并行度=1, TM数量=3
[2025-11-30 12:08:07] CPU 负载低于下限，触发 TM 缩容
[2025-11-30 12:08:07] TM 数量已达下限 (3/3)
[2025-11-30 12:08:10] ========== 开始决策 ==========
[2025-11-30 12:08:10] 当前状态: 并行度=1, TM数量=3
[2025-11-30 12:08:10] CPU 负载低于下限，触发 TM 缩容
[2025-11-30 12:08:10] TM 数量已达下限 (3/3)
[2025-11-30 12:08:12] ========== 开始决策 ==========
[2025-11-30 12:08:12] 当前状态: 并行度=1, TM数量=3
[2025-11-30 12:08:12] CPU 负载低于下限，触发 TM 缩容
[2025-11-30 12:08:12] TM 数量已达下限 (3/3)
[2025-11-30 12:08:16] ========== 开始决策 ==========
[2025-11-30 12:08:16] 当前状态: 并行度=1, TM数量=3
[2025-11-30 12:08:16] CPU 负载低于下限，触发 TM 缩容
[2025-11-30 12:08:16] TM 数量已达下限 (3/3)
[2025-11-30 12:18:28] ========== 开始决策 ==========
[2025-11-30 12:18:29] 当前状态: 并行度=1, TM数量=3
[2025-11-30 12:18:29] CPU 负载超过上限，触发 TM 扩容
[2025-11-30 12:18:29] 在 node02 启动新 TM...
[2025-11-30 12:18:29] node02 新增 TM，当前集群总数: 4
[2025-12-01 08:16:59] ========== 开始决策 ==========
[2025-12-01 08:16:59] 当前状态: 并行度=1, TM数量=3
[2025-12-01 08:16:59] CPU 负载低于下限，触发 TM 缩容
[2025-12-01 08:16:59] TM 数量已达下限 (3/3)
[2025-12-01 08:19:03] ========== 开始决策 ==========
[2025-12-01 08:19:03] 当前状态: 并行度=1, TM数量=3
[2025-12-01 08:19:04] 各项指标正常，无需调整
[2025-12-01 08:44:05] ========== 开始决策 ==========
[2025-12-01 08:44:06] 当前状态: 并行度=1, TM数量=3
[2025-12-01 08:44:06] 各项指标正常，无需调整
[2025-12-01 08:48:17] ========== 开始决策 ==========
[2025-12-01 08:48:17] 当前状态: 并行度=1, TM数量=3
[2025-12-01 08:48:17] 各项指标正常，无需调整
[2025-12-01 08:58:54] ========== 开始决策 ==========
[2025-12-01 08:58:55] 当前状态: 并行度=1, TM数量=3
[2025-12-01 08:58:55] 各项指标正常，无需调整
[2025-12-01 09:00:28] ========== 开始决策 ==========
[2025-12-01 09:00:28] 当前状态: 并行度=1, TM数量=3
[2025-12-01 09:00:28] 各项指标正常，无需调整
[2025-12-01 09:05:25] ========== 开始决策 ==========
[2025-12-01 09:05:25] 当前状态: 并行度=1, TM数量=3
[2025-12-01 09:05:25] CPU 负载低于下限，触发 TM 缩容
[2025-12-01 09:05:25] TM 数量已达下限 (3/3)
[2025-12-01 09:11:08] ========== 开始决策 ==========
[2025-12-01 09:11:08] 当前状态: 并行度=1, TM数量=3
[2025-12-01 09:11:08] 各项指标正常，无需调整
[2025-12-01 09:12:50] ========== 开始决策 ==========
[2025-12-01 09:12:50] 当前状态: 并行度=1, TM数量=3
[2025-12-01 09:12:50] 各项指标正常，无需调整
[2025-12-01 09:13:05] ========== 开始决策 ==========
[2025-12-01 09:13:05] 当前状态: 并行度=1, TM数量=3
[2025-12-01 09:13:05] 各项指标正常，无需调整
[2025-12-01 09:13:15] ========== 开始决策 ==========
[2025-12-01 09:13:16] 当前状态: 并行度=1, TM数量=3
[2025-12-01 09:13:16] 各项指标正常，无需调整
[2025-12-01 09:13:35] ========== 开始决策 ==========
[2025-12-01 09:13:35] 当前状态: 并行度=1, TM数量=3
[2025-12-01 09:13:35] 各项指标正常，无需调整
[2025-12-01 09:14:07] ========== 开始决策 ==========
[2025-12-01 09:14:07] 当前状态: 并行度=1, TM数量=3
[2025-12-01 09:14:07] 各项指标正常，无需调整
[2025-12-01 09:17:20] ========== 开始决策 ==========
[2025-12-01 09:17:20] 当前状态: 并行度=1, TM数量=3
[2025-12-01 09:17:20] 各项指标正常，无需调整
[2025-12-01 09:18:57] ========== 开始决策 ==========
[2025-12-01 09:18:57] 当前状态: 并行度=1, TM数量=3
[2025-12-01 09:18:57] 各项指标正常，无需调整
[2025-12-01 09:20:25] ========== 开始决策 ==========
[2025-12-01 09:20:25] 当前状态: 并行度=1, TM数量=3
[2025-12-01 09:20:25] CPU 负载超过上限，触发 TM 扩容
[2025-12-01 09:20:26] 在 node02 启动新 TM...
[2025-12-01 09:20:26] node02 新增 TM，当前集群总数: 4
[2025-12-01 09:30:23] ========== 开始决策 ==========
[2025-12-01 09:30:24] 当前状态: 并行度=1, TM数量=4
[2025-12-01 09:30:24] 吞吐量超过上限，触发扩容: 1 -> 3
[2025-12-01 09:30:24] 开始调整并行度: 当前 -> 3
[2025-12-01 09:30:24] 创建 Savepoint...
[2025-12-01 09:34:02] ========== 开始决策 ==========
[2025-12-01 09:34:02] 当前状态: 并行度=1, TM数量=4
[2025-12-01 09:34:02] CPU 负载低于下限，触发 TM 缩容
[2025-12-01 09:34:03] 在 node02 停止一个 TM...
[2025-12-01 09:34:04] node02 减少 TM，当前集群总数: 3
[2025-12-01 09:35:13] ========== 开始决策 ==========
[2025-12-01 09:35:13] 当前状态: 并行度=1, TM数量=3
[2025-12-01 09:35:13] 各项指标正常，无需调整
[2025-12-01 14:43:45] ========== 开始决策 ==========
[2025-12-01 14:43:45] 当前状态: 并行度=3, TM数量=3
[2025-12-01 14:43:45] 吞吐量超过上限，触发扩容: 3 -> 5
[2025-12-01 14:43:45] 开始调整并行度: 当前 -> 5
[2025-12-01 14:43:45] 创建 Savepoint...
[2025-12-01 16:51:48] ========== 开始决策 ==========
[2025-12-01 16:51:48] 当前状态: 并行度=3, TM数量=3
[2025-12-01 16:51:48] 吞吐量超过上限，触发扩容: 3 -> 5
[2025-12-01 16:51:48] ========== 开始并行度调整 ==========
[2025-12-01 16:51:48] 当前并行度: 3, 目标并行度: 5
[2025-12-01 16:51:48] TM: 3, Slots: 6
[2025-12-01 16:51:48] [步骤1] 创建 Savepoint...
[2025-12-01 16:51:48] Savepoint 响应: {"request-id":"882b776616ab7db9a1d0e78e3a6df4b4"}
[2025-12-01 16:51:48] Savepoint trigger-id: 882b776616ab7db9a1d0e78e3a6df4b4
[2025-12-01 16:51:48] [步骤2] 等待 Savepoint 完成...
[2025-12-01 16:51:50] Savepoint 完成: file:/data/flink/elastic/savepoints/savepoint-5d464e-d682a6022821
[2025-12-01 16:51:50] [步骤3] 停止原作业...
[2025-12-01 16:51:52] 原作业已停止: CANCELED
[2025-12-01 16:51:52] [步骤4] 从 Savepoint 重启，新并行度: 5
[2025-12-01 16:51:52] 执行: /opt/app/flink-1.17.2/bin/flink run -d -m node01:8081 -p 5 -s file:/data/flink/elastic/savepoints/savepoint-5d464e-d682a6022821 -c org.jzx.WordCount /opt/flink_jobs/wordcount.jar 
[2025-12-01 16:51:55] ========== 并行度调整成功 ==========
[2025-12-01 16:51:55] 新 Job ID: cc99b285b9d759e9ae05bccc8bd0beac
[2025-12-01 16:51:55] 新并行度: 5
[2025-12-05 15:42:57] ========== 开始决策 ==========
[2025-12-05 15:42:57] 当前状态: 并行度=3, TM数量=3
[2025-12-05 15:42:57] 吞吐量超过上限，触发扩容: 3 -> 5
[2025-12-05 15:42:57] ========== 开始并行度调整 ==========
[2025-12-05 15:42:57] 当前并行度: 3, 目标并行度: 5
[2025-12-05 15:42:57] [步骤1] 创建 Savepoint...
[2025-12-05 15:42:57] [步骤2] 等待 Savepoint 完成...
[2025-12-05 15:42:59] Savepoint 完成: file:/data/flink/elastic/savepoints/savepoint-6e0ac3-a554a43ecae2
[2025-12-05 15:42:59] [步骤2.5] 同步 Savepoint 到其他节点...
[2025-12-05 15:42:59] 同步完成
[2025-12-05 15:42:59] [步骤3] 停止原作业...
[2025-12-05 15:43:01] [步骤4] 从 Savepoint 重启...
[2025-12-05 15:43:05] 重启成功！新 Job ID: 7ef72e1b7ed19cb339063ba74ab61ef3
[2025-12-05 15:59:34] ========== 开始决策 ==========
[2025-12-05 15:59:34] 当前状态: 并行度=3, TM数量=3
[2025-12-05 15:59:34] CPU 负载低于下限，触发 TM 缩容
[2025-12-05 15:59:35] TM 数量已达下限 (3/3)
[2025-12-05 16:02:23] ========== 开始决策 ==========
[2025-12-05 16:02:23] 当前状态: 并行度=3, TM数量=3
[2025-12-05 16:02:23] 吞吐量超过上限，触发扩容: 3 -> 5
[2025-12-05 16:02:23] ========== 开始并行度调整 ==========
[2025-12-05 16:02:23] 当前并行度: 3, 目标并行度: 5
[2025-12-05 16:02:23] [步骤1] 创建 Savepoint...
[2025-12-05 16:02:23] [步骤2] 等待 Savepoint 完成...
[2025-12-05 16:02:25] Savepoint 完成: file:/data/flink/elastic/savepoints/savepoint-3dfaa3-f38cd7999c34
[2025-12-05 16:02:25] [步骤2.5] 同步 Savepoint 到其他节点...
[2025-12-05 16:02:25] 同步完成
[2025-12-05 16:02:25] [步骤3] 停止原作业...
[2025-12-05 16:02:27] [步骤4] 从 Savepoint 重启...
[2025-12-05 16:02:31] 重启成功！新 Job ID: 5e55110a5ada4c384f2e8a1afadf5ee3
[2025-12-05 16:14:56] ========== 开始决策 ==========
[2025-12-05 16:14:56] 当前状态: 并行度=3, TM数量=3
[2025-12-05 16:14:56] 吞吐量超过上限，触发扩容: 3 -> 5
[2025-12-05 16:14:56] ========== 开始并行度调整 ==========
[2025-12-05 16:14:56] 当前并行度: 3, 目标并行度: 5
[2025-12-05 16:14:56] [步骤1] 创建 Savepoint...
[2025-12-05 16:14:56] [步骤2] 等待 Savepoint 完成...
[2025-12-05 16:14:58] Savepoint 完成: file:/data/flink/elastic/savepoints/savepoint-0ee028-358e418c6a6f
[2025-12-05 16:14:58] [步骤2.5] 汇聚并分发 Savepoint 文件...
[2025-12-05 16:14:58] 正在从 node02 拉取文件...
[2025-12-05 16:14:58] 正在从 node03 拉取文件...
[2025-12-05 16:14:58] 正在分发完整文件到 node02...
[2025-12-05 16:14:59]   - node02 文件数: 4
[2025-12-05 16:14:59] 正在分发完整文件到 node03...
[2025-12-05 16:14:59]   - node03 文件数: 4
[2025-12-05 16:14:59] 文件同步完成
[2025-12-05 16:14:59] [步骤3] 停止原作业...
[2025-12-05 16:15:03] [步骤4] 从 Savepoint 重启...
[2025-12-05 16:15:06] 重启成功！新 Job ID: a82397e73ba1df2d62c5a1193abf029f
[2025-12-05 16:17:16] ========== 开始决策 ==========
[2025-12-05 16:17:16] 当前状态: 并行度=5, TM数量=3
[2025-12-05 16:17:16] CPU 负载低于下限，触发 TM 缩容
[2025-12-05 16:17:16] TM 数量已达下限 (3/3)
[2025-12-05 16:19:01] ========== 开始决策 ==========
[2025-12-05 16:19:02] 当前状态: 并行度=5, TM数量=3
[2025-12-05 16:19:02] CPU 负载低于下限，触发 TM 缩容
[2025-12-05 16:19:02] TM 数量已达下限 (3/3)
[2025-12-05 16:21:57] ========== 开始决策 ==========
[2025-12-05 16:21:57] 当前状态: 并行度=5, TM数量=3
[2025-12-05 16:21:57] 各项指标正常，无需调整
[2025-12-05 16:25:25] ========== 开始决策 ==========
[2025-12-05 16:25:25] 当前状态: 并行度=5, TM数量=3
[2025-12-05 16:25:25] 吞吐量低于下限，触发缩容: 5 -> 4
[2025-12-05 16:25:25] ========== 开始并行度调整 ==========
[2025-12-05 16:25:25] 当前并行度: 5, 目标并行度: 4
[2025-12-05 16:25:25] [步骤1] 创建 Savepoint...
[2025-12-05 16:25:25] [步骤2] 等待 Savepoint 完成...
[2025-12-05 16:25:27] Savepoint 完成: file:/data/flink/elastic/savepoints/savepoint-a82397-b86ddfc4c826
[2025-12-05 16:25:27] [步骤2.5] 汇聚并分发 Savepoint 文件...
[2025-12-05 16:25:27] 正在从 node02 拉取文件...
[2025-12-05 16:25:27] 正在从 node03 拉取文件...
[2025-12-05 16:25:28] 正在分发完整文件到 node02...
[2025-12-05 16:25:28]   - node02 文件数: 6
[2025-12-05 16:25:28] 正在分发完整文件到 node03...
[2025-12-05 16:25:28]   - node03 文件数: 6
[2025-12-05 16:25:28] 文件同步完成
[2025-12-05 16:25:28] [步骤3] 停止原作业...
[2025-12-05 16:25:30] [步骤4] 从 Savepoint 重启...
[2025-12-05 16:25:33] 重启成功！新 Job ID: 69ec2b5f31645eb102b3ca8ce534d9a7
[2025-12-05 16:29:06] ========== 开始决策 ==========
[2025-12-05 16:29:06] 当前状态: 并行度=4, TM数量=3
[2025-12-05 16:29:06] 吞吐量低于下限，触发缩容: 4 -> 3
[2025-12-05 16:29:06] ========== 开始并行度调整 ==========
[2025-12-05 16:29:06] 当前并行度: 4, 目标并行度: 3
[2025-12-05 16:29:06] [步骤1] 创建 Savepoint...
[2025-12-05 16:29:06] [步骤2] 等待 Savepoint 完成...
[2025-12-05 16:29:08] Savepoint 完成: file:/data/flink/elastic/savepoints/savepoint-69ec2b-d1c99a0e0ef9
[2025-12-05 16:29:08] [步骤2.5] 汇聚并分发 Savepoint 文件...
[2025-12-05 16:29:08] 正在从 node02 拉取文件...
[2025-12-05 16:29:08] 正在从 node03 拉取文件...
[2025-12-05 16:29:08] 正在分发完整文件到 node02...
[2025-12-05 16:29:09]   - node02 文件数: 5
[2025-12-05 16:29:09] 正在分发完整文件到 node03...
[2025-12-05 16:29:09]   - node03 文件数: 5
[2025-12-05 16:29:09] 文件同步完成
[2025-12-05 16:29:09] [步骤3] 停止原作业...
[2025-12-05 16:29:11] [步骤4] 从 Savepoint 重启...
[2025-12-05 16:29:14] 重启成功！新 Job ID: 46aa705580d2c1d7e9bcedd71a58ade5
[2025-12-05 16:31:25] ========== 开始决策 ==========
[2025-12-05 16:31:25] 当前状态: 并行度=3, TM数量=3
[2025-12-05 16:31:25] 吞吐量超过上限，触发扩容: 3 -> 5
[2025-12-05 16:31:26] ========== 开始并行度调整 ==========
[2025-12-05 16:31:26] 当前并行度: 3, 目标并行度: 5
[2025-12-05 16:31:26] [步骤1] 创建 Savepoint...
[2025-12-05 16:31:26] [步骤2] 等待 Savepoint 完成...
[2025-12-05 16:31:28] Savepoint 完成: file:/data/flink/elastic/savepoints/savepoint-46aa70-932e08895a0e
[2025-12-05 16:31:28] [步骤2.5] 汇聚并分发 Savepoint 文件...
[2025-12-05 16:31:28] 正在从 node02 拉取文件...
[2025-12-05 16:31:28] 正在从 node03 拉取文件...
[2025-12-05 16:31:28] 正在分发完整文件到 node02...
[2025-12-05 16:31:28]   - node02 文件数: 4
[2025-12-05 16:31:28] 正在分发完整文件到 node03...
[2025-12-05 16:31:29]   - node03 文件数: 4
[2025-12-05 16:31:29] 文件同步完成
[2025-12-05 16:31:29] [步骤3] 停止原作业...
[2025-12-05 16:31:31] [步骤4] 从 Savepoint 重启...
[2025-12-05 16:31:34] 重启成功！新 Job ID: 0343fdd5a0562b37065695d4f2254faa
[2025-12-05 16:33:08] ========== 开始决策 ==========
[2025-12-05 16:33:08] 当前状态: 并行度=5, TM数量=3
[2025-12-05 16:33:08] 吞吐量超过上限，触发扩容: 5 -> 7
[2025-12-05 16:33:08] ========== 开始并行度调整 ==========
[2025-12-05 16:33:08] 当前并行度: 5, 目标并行度: 7
[2025-12-05 16:33:08] Slot 不足，先扩容 TM
[2025-12-05 16:33:09] 在 node02 启动新 TM...
[2025-12-05 16:33:09] node02 新增 TM，当前集群总数: 4
[2025-12-05 16:33:24] [步骤1] 创建 Savepoint...
[2025-12-05 16:33:24] [步骤2] 等待 Savepoint 完成...
[2025-12-05 16:33:26] Savepoint 完成: file:/data/flink/elastic/savepoints/savepoint-0343fd-09030aee5518
[2025-12-05 16:33:26] [步骤2.5] 汇聚并分发 Savepoint 文件...
[2025-12-05 16:33:26] 正在从 node02 拉取文件...
[2025-12-05 16:33:26] 正在从 node03 拉取文件...
[2025-12-05 16:33:26] 正在分发完整文件到 node02...
[2025-12-05 16:33:27]   - node02 文件数: 6
[2025-12-05 16:33:27] 正在分发完整文件到 node03...
[2025-12-05 16:33:27]   - node03 文件数: 6
[2025-12-05 16:33:27] 文件同步完成
[2025-12-05 16:33:27] [步骤3] 停止原作业...
[2025-12-05 16:33:29] [步骤4] 从 Savepoint 重启...
[2025-12-05 16:33:32] 重启成功！新 Job ID: 5253c6bd641cc1aef7081417a8469434
[2025-12-05 16:35:52] ========== 开始决策 ==========
[2025-12-05 16:35:52] 当前状态: 并行度=7, TM数量=4
[2025-12-05 16:35:52] CPU 负载超过上限，触发 TM 扩容
[2025-12-05 16:35:53] 在 node03 启动新 TM...
[2025-12-05 16:35:53] node03 新增 TM，当前集群总数: 5
[2025-12-05 16:38:45] ========== 开始决策 ==========
[2025-12-05 16:38:45] 当前状态: 并行度=7, TM数量=5
[2025-12-05 16:38:45] CPU 负载超过上限，触发 TM 扩容
[2025-12-05 16:38:46] 在 node01 启动新 TM...
[2025-12-05 16:38:46] node01 新增 TM，当前集群总数: 6
[2025-12-05 16:41:10] ========== 开始决策 ==========
[2025-12-05 16:41:10] 当前状态: 并行度=7, TM数量=6
[2025-12-05 16:41:10] CPU 负载低于下限，触发 TM 缩容
[2025-12-05 16:41:11] 在 node03 停止一个 TM...
[2025-12-05 16:41:11] node03 减少 TM，当前集群总数: 5
